** Message: 14:17:23.265: environement.vala:58: Exporting primary_variable
** Message: 14:17:23.265: environement.vala:59: desktop_environnement XDG_CURRENT_DESKTOP
** Message: 14:17:23.265: environement.vala:150: confir_dirs is null, export : /etc/xdg
** Message: 14:17:23.265: environement.vala:184: Exporting XDG_CONFIG_DIRS
** Message: 14:17:23.266: environement.vala:218: custom_data :
** Message: 14:17:23.266: environement.vala:219: data_dirs :/usr/share/fkms:/usr/local/share:/usr/share/raspi-ui-overrides:/usr/share:/usr/share/gdm:/var/lib/menu-xdg
** Message: 14:17:23.266: environement.vala:220: data_dirs not null, export : /usr/share/fkms:/usr/local/share:/usr/share/raspi-ui-overrides:/usr/share:/usr/share/gdm:/var/lib/menu-xdg
** Message: 14:17:23.266: environement.vala:225: Exporting XDG_DATA_DIRS
** Message: 14:17:23.268: utils.vala:138: Config system location : /etc/xdg/lxsession/LXDE-pi
** Message: 14:17:23.269: utils.vala:144: System system path location : /etc/xdg/lxsession/LXDE-pi/desktop.conf
** Message: 14:17:23.270: utils.vala:148: Final file used : /etc/xdg/lxsession/LXDE-pi/desktop.conf
** Message: 14:17:23.270: utils.vala:39: Config system location : /etc/xdg/lxsession/LXDE-pi
** Message: 14:17:23.270: utils.vala:45: System system path location : /etc/xdg/lxsession/LXDE-pi/desktop.conf

** (lxsession:607): WARNING **: 14:17:23.274: utils.vala:70: No such file or directory
** Message: 14:17:23.274: settings.vala:540: Key file does not have key “iGtk/ColorScheme” in group “GTK”
** Message: 14:17:23.275: settings.vala:540: Key file does not have key “windows_manager/command” in group “Session”
** Message: 14:17:23.275: settings.vala:540: Key file does not have key “panel/command” in group “Session”
** Message: 14:17:23.275: settings.vala:540: Key file does not have key “dock/command” in group “Session”
** Message: 14:17:23.275: settings.vala:540: Key file does not have key “file_manager/command” in group “Session”
** Message: 14:17:23.275: settings.vala:540: Key file does not have key “desktop_manager/command” in group “Session”
** Message: 14:17:23.276: settings.vala:540: Key file does not have key “launcher_manager/autostart” in group “Session”
** Message: 14:17:23.276: settings.vala:540: Key file does not have key “composite_manager/command” in group “Session”
** Message: 14:17:23.276: settings.vala:540: Key file does not have key “im1/command” in group “Session”
** Message: 14:17:23.276: settings.vala:540: Key file does not have key “im2/command” in group “Session”
** Message: 14:17:23.276: settings.vala:540: Key file does not have key “widget1/command” in group “Session”
** Message: 14:17:23.277: settings.vala:540: Key file does not have key “notification/command” in group “Session”
** Message: 14:17:23.277: settings.vala:540: Key file does not have key “keybindings/command” in group “Session”
** Message: 14:17:23.277: settings.vala:540: Key file does not have key “im_manager/command” in group “Session”
** Message: 14:17:23.277: settings.vala:540: Key file does not have key “screensaver/command” in group “Session”
** Message: 14:17:23.277: settings.vala:540: Key file does not have key “power_manager/command” in group “Session”
** Message: 14:17:23.278: settings.vala:540: Key file does not have key “audio_manager/command” in group “Session”
** Message: 14:17:23.278: settings.vala:540: Key file does not have key “workspace_manager/command” in group “Session”
** Message: 14:17:23.278: settings.vala:540: Key file does not have key “screenshot_manager/command” in group “Session”
** Message: 14:17:23.279: settings.vala:540: Key file does not have key “message_manager/command” in group “Session”
** Message: 14:17:23.279: settings.vala:540: Key file does not have key “upgrade_manager/command” in group “Session”
** Message: 14:17:23.279: settings.vala:540: Key file does not have key “updates_manager/command” in group “Session”
** Message: 14:17:23.279: settings.vala:540: Key file does not have key “updates_manager/timeout” in group “Session”
** Message: 14:17:23.279: settings.vala:540: Key file does not have key “crash_manager/command” in group “Session”
** Message: 14:17:23.280: settings.vala:540: Key file does not have key “crash_manager/dev_mode” in group “Session”
** Message: 14:17:23.280: settings.vala:540: Key file does not have key “crash_manager/timeout” in group “Session”
** Message: 14:17:23.281: settings.vala:540: Key file does not have key “upstart_user_session” in group “Session”
** Message: 14:17:23.281: settings.vala:540: Key file does not have key “proxy_manager/http” in group “Session”
** Message: 14:17:23.281: settings.vala:540: Key file does not have key “a11y/command” in group “Session”
** Message: 14:17:23.282: settings.vala:540: Key file does not have key “xrandr/command” in group “Session”
** Message: 14:17:23.282: settings.vala:540: Key file does not have key “network_gui/command” in group “Session”
** Message: 14:17:23.282: settings.vala:540: Key file does not have key “webbrowser/command” in group “Session”
** Message: 14:17:23.282: settings.vala:540: Key file does not have key “email/command” in group “Session”
** Message: 14:17:23.283: settings.vala:540: Key file does not have key “pdf_reader/command” in group “Session”
** Message: 14:17:23.283: settings.vala:540: Key file does not have key “video_player/command” in group “Session”
** Message: 14:17:23.283: settings.vala:540: Key file does not have key “audio_player/command” in group “Session”
** Message: 14:17:23.283: settings.vala:540: Key file does not have key “image_display/command” in group “Session”
** Message: 14:17:23.284: settings.vala:540: Key file does not have key “text_editor/command” in group “Session”
** Message: 14:17:23.284: settings.vala:540: Key file does not have key “archive/command” in group “Session”
** Message: 14:17:23.284: settings.vala:540: Key file does not have key “charmap/command” in group “Session”
** Message: 14:17:23.285: settings.vala:540: Key file does not have key “calculator/command” in group “Session”
** Message: 14:17:23.285: settings.vala:540: Key file does not have key “spreadsheet/command” in group “Session”
** Message: 14:17:23.285: settings.vala:540: Key file does not have key “bittorent/command” in group “Session”
** Message: 14:17:23.285: settings.vala:540: Key file does not have key “document/command” in group “Session”
** Message: 14:17:23.286: settings.vala:540: Key file does not have key “webcam/command” in group “Session”
** Message: 14:17:23.286: settings.vala:540: Key file does not have key “burn/command” in group “Session”
** Message: 14:17:23.286: settings.vala:540: Key file does not have key “notes/command” in group “Session”
** Message: 14:17:23.286: settings.vala:540: Key file does not have key “disk_utility/command” in group “Session”
** Message: 14:17:23.286: settings.vala:540: Key file does not have key “tasks/command” in group “Session”
** Message: 14:17:23.287: settings.vala:540: Key file does not have group “Keymap”
** Message: 14:17:23.287: settings.vala:540: Key file does not have key “laptop_mode” in group “State”
** Message: 14:17:23.287: settings.vala:540: Key file does not have key “gnome” in group “Dbus”
** Message: 14:17:23.287: settings.vala:540: Key file does not have key “type” in group “Environment”
** Message: 14:17:23.287: settings.vala:540: Key file does not have key “ubuntu_menuproxy” in group “Environment”
** Message: 14:17:23.288: settings.vala:540: Key file does not have key “toolkit_integration” in group “Environment”
** Message: 14:17:23.288: settings.vala:540: Key file does not have key “gtk/overlay_scrollbar_disable” in group “Environment”
** Message: 14:17:23.288: settings.vala:540: Key file does not have key “qt/force_theme” in group “Environment”
** Message: 14:17:23.288: settings.vala:540: Key file does not have key “qt/platform” in group “Environment”
** Message: 14:17:23.291: settings.vala:462: Monitoring: /etc/xdg/lxsession/LXDE-pi/desktop.conf
** Message: 14:17:23.291: settings.vala:470: Desktop file is not in config home, monitoring creation of it
** Message: 14:17:23.292: settings.vala:485: Monitoring home path: /home/bastian/.config/lxsession/LXDE-pi/desktop.conf
** Message: 14:17:23.293: environement.vala:79: Exporting variable
** Message: 14:17:23.293: environement.vala:80: desktop_environnement XDG_CURRENT_DESKTOP
** Message: 14:17:23.293: environement.vala:177: custom_config :
** Message: 14:17:23.293: environement.vala:178: config_dirs :/etc/xdg
** Message: 14:17:23.294: environement.vala:179: confir_dirs not null, export : /etc/xdg
** Message: 14:17:23.294: environement.vala:184: Exporting XDG_CONFIG_DIRS
** Message: 14:17:23.294: environement.vala:218: custom_data :
** Message: 14:17:23.294: environement.vala:219: data_dirs :/usr/share/fkms:/usr/local/share:/usr/share/raspi-ui-overrides:/usr/share:/usr/share/gdm:/var/lib/menu-xdg
** Message: 14:17:23.294: environement.vala:220: data_dirs not null, export : /usr/share/fkms:/usr/local/share:/usr/share/raspi-ui-overrides:/usr/share:/usr/share/gdm:/var/lib/menu-xdg
** Message: 14:17:23.295: environement.vala:225: Exporting XDG_DATA_DIRS
** Message: 14:17:23.295: utils.vala:39: Config system location : /etc/xdg/lxsession/LXDE-pi
** Message: 14:17:23.295: utils.vala:45: System system path location : /etc/xdg/lxsession/LXDE-pi/desktop.conf

** (lxsession:607): WARNING **: 14:17:23.296: utils.vala:70: No such file or directory
** Message: 14:17:23.296: environement.vala:254: No entry in [Environment_variable]. Key file does not have group “Environment_variable”

** (lxsession:607): WARNING **: 14:17:23.306: process.vala:49: Failed to execute child process “xprop” (No such file or directory)

** (lxsession:607): WARNING **: 14:17:23.306: process.vala:50: Error when launching xprop
** Message: 14:17:23.307: utils.vala:138: Config system location : /etc/xdg/lxsession/LXDE-pi
** Message: 14:17:23.307: utils.vala:144: System system path location : /etc/xdg/lxsession/LXDE-pi/conffiles.conf
** Message: 14:17:23.307: utils.vala:148: Final file used : /etc/xdg/lxsession/LXDE-pi/conffiles.conf
** Message: 14:17:23.308: options.vala:164: Activate xsettings_manager build-in
** Message: 14:17:23.308: utils.vala:39: Config system location : /etc/xdg/lxsession/LXDE-pi
** Message: 14:17:23.308: utils.vala:45: System system path location : /etc/xdg/lxsession/LXDE-pi/desktop.conf

** (lxsession:607): WARNING **: 14:17:23.309: utils.vala:70: No such file or directory
** Message: 14:17:23.367: app.vala:728: polkit separate
** Message: 14:17:23.368: app.vala:728: polkit separate
** Message: 14:17:23.382: app.vala:76: Launching lxpolkit 
** Message: 14:17:23.383: utils.vala:138: Config system location : /etc/xdg/lxsession/LXDE-pi
** Message: 14:17:23.383: utils.vala:144: System system path location : /etc/xdg/lxsession/LXDE-pi/autostart
** Message: 14:17:23.384: utils.vala:148: Final file used : /etc/xdg/lxsession/LXDE-pi/autostart
** Message: 14:17:23.384: autostart.vala:42: Autostart path : /etc/xdg/lxsession/LXDE-pi/autostart
** Message: 14:17:23.418: app.vala:76: Launching lxpanel 
** Message: 14:17:23.450: app.vala:76: Launching pcmanfm 

** (lxsession:607): WARNING **: 14:17:23.462: app.vala:86: Failed to execute child process “xscreensaver” (No such file or directory)

** (lxsession:607): WARNING **: 14:17:23.462: app.vala:87: Error when launching xscreensaver
** Message: 14:17:23.486: options.vala:107: Create build-in Clipboard
** Message: 14:17:23.492: main.vala:450: Check keymap_mode (null)
** Message: 14:17:23.501: app.vala:76: Launching /usr/bin/ssh-agent 
SSH_AUTH_SOCK=/tmp/ssh-1k65hq7YeauP/agent.729; export SSH_AUTH_SOCK;
SSH_AGENT_PID=733; export SSH_AGENT_PID;
echo Agent pid 733;
Obt-Message: Xinerama extension is not present on the server
** Message: 14:17:24.477: app.vala:130: /usr/bin/ssh-agent exit with this type of exit: 0
Openbox-Message: Unable to find a valid menu file "/usr/share/lxde/openbox/menu.xml"
** Message: 14:17:26.561: x-terminal-emulator has very limited support, consider choosing another terminal
** Message: 14:17:27.361: x-terminal-emulator has very limited support, consider choosing another terminal
grep: /home/bastian/.config/lxpanel/LXDE-pi/panels/*: No such file or directory
** Message: 14:17:31.042: netman: network manager service not running; plugin hidden
** Message: 14:17:31.176: Connecting ...
** Message: 14:17:31.177: Status changed to down

** (lxpanel:724): CRITICAL **: 14:17:31.179: dhcpcd_open: Inappropriate ioctl for device
/usr/share/system-config-printer/applet.py:364: Warning: Source ID 13 was not found when attempting to remove it
  GLib.source_remove (self.timer)
** Message: 14:17:31.821: ptbatt: battery 0 not found
** Message: 14:17:32.273: Status changed to opened
** Message: 14:17:32.273: Connected to dhcpcd-8.1.2
** Message: 14:17:32.275: Status changed to connected
** Message: 14:17:32.275: eth0: CARRIER
** Message: 14:17:32.277: eth0: Configured 10.7.64.29/22
** Message: 14:17:32.670: up: Checking for updates
** Message: 15:10:42.091: up: Cache updated - comparing versions
** Message: 15:11:09.507: up: Check complete - 4 updates available
